Sphinx 2.0.5-release (r3308)
Copyright (c) 2001-2012, Andrew Aksyonoff
Copyright (c) 2008-2012, Sphinx Technologies Inc (http://sphinxsearch.com)

using config file '/srv/http/mcuhq/vanilla/plugins/SphinxSearch/install/sphinx/etc/sphinx.conf'...
indexing index 'vss_main'...
collected 173 docs, 0.0 MB
collected 6 attr values
sorted 0.0 Mvalues, 100.0% done
sorted 0.0 Mhits, 100.0% done
total 173 docs, 30736 bytes
total 0.468 sec, 65566 bytes/sec, 369.04 docs/sec
total 11 reads, 0.000 sec, 2.1 kb/call avg, 0.0 msec/call avg
total 11 writes, 0.001 sec, 4.8 kb/call avg, 0.1 msec/call avg
rotating indices: succesfully sent SIGHUP to searchd (pid=8565).
Sphinx 2.0.5-release (r3308)
Copyright (c) 2001-2012, Andrew Aksyonoff
Copyright (c) 2008-2012, Sphinx Technologies Inc (http://sphinxsearch.com)

using config file '/srv/http/mcuhq/vanilla/plugins/SphinxSearch/install/sphinx/etc/sphinx.conf'...
indexing index 'vss_main'...
collected 173 docs, 0.0 MB
collected 6 attr values
sorted 0.0 Mvalues, 100.0% done
sorted 0.0 Mhits, 100.0% done
total 173 docs, 30736 bytes
total 0.423 sec, 72511 bytes/sec, 408.13 docs/sec
total 11 reads, 0.000 sec, 2.1 kb/call avg, 0.0 msec/call avg
total 11 writes, 0.002 sec, 4.8 kb/call avg, 0.2 msec/call avg
rotating indices: succesfully sent SIGHUP to searchd (pid=8565).
Sphinx 2.0.5-release (r3308)
Copyright (c) 2001-2012, Andrew Aksyonoff
Copyright (c) 2008-2012, Sphinx Technologies Inc (http://sphinxsearch.com)

using config file '/srv/http/mcuhq/vanilla/plugins/SphinxSearch/install/sphinx/etc/sphinx.conf'...
indexing index 'vss_main'...
collected 173 docs, 0.0 MB
collected 6 attr values
sorted 0.0 Mvalues, 100.0% done
sorted 0.0 Mhits, 100.0% done
total 173 docs, 30736 bytes
total 0.392 sec, 78272 bytes/sec, 440.56 docs/sec
total 11 reads, 0.000 sec, 2.1 kb/call avg, 0.0 msec/call avg
total 11 writes, 0.005 sec, 4.8 kb/call avg, 0.5 msec/call avg
rotating indices: succesfully sent SIGHUP to searchd (pid=8565).
Sphinx 2.0.5-release (r3308)
Copyright (c) 2001-2012, Andrew Aksyonoff
Copyright (c) 2008-2012, Sphinx Technologies Inc (http://sphinxsearch.com)

using config file '/srv/http/mcuhq/vanilla/plugins/SphinxSearch/install/sphinx/etc/sphinx.conf'...
indexing index 'vss_main'...
collected 173 docs, 0.0 MB
collected 6 attr values
sorted 0.0 Mvalues, 100.0% done
sorted 0.0 Mhits, 100.0% done
total 173 docs, 30736 bytes
total 0.428 sec, 71810 bytes/sec, 404.19 docs/sec
total 11 reads, 0.000 sec, 2.1 kb/call avg, 0.0 msec/call avg
total 11 writes, 0.005 sec, 4.8 kb/call avg, 0.5 msec/call avg
rotating indices: succesfully sent SIGHUP to searchd (pid=8565).
Sphinx 2.0.5-release (r3308)
Copyright (c) 2001-2012, Andrew Aksyonoff
Copyright (c) 2008-2012, Sphinx Technologies Inc (http://sphinxsearch.com)

using config file '/srv/http/mcuhq/vanilla/plugins/SphinxSearch/install/sphinx/etc/sphinx.conf'...
indexing index 'vss_main'...
collected 174 docs, 0.0 MB
collected 8 attr values
sorted 0.0 Mvalues, 100.0% done
sorted 0.0 Mhits, 100.0% done
total 174 docs, 30821 bytes
total 0.415 sec, 74196 bytes/sec, 418.87 docs/sec
total 14 reads, 0.000 sec, 1.6 kb/call avg, 0.0 msec/call avg
total 11 writes, 0.002 sec, 4.9 kb/call avg, 0.2 msec/call avg
rotating indices: succesfully sent SIGHUP to searchd (pid=8565).
Sphinx 2.0.5-release (r3308)
Copyright (c) 2001-2012, Andrew Aksyonoff
Copyright (c) 2008-2012, Sphinx Technologies Inc (http://sphinxsearch.com)

using config file '/srv/http/mcuhq/vanilla/plugins/SphinxSearch/install/sphinx/etc/sphinx.conf'...
indexing index 'vss_main'...
collected 174 docs, 0.0 MB
collected 8 attr values
sorted 0.0 Mvalues, 100.0% done
sorted 0.0 Mhits, 100.0% done
total 174 docs, 30821 bytes
total 0.411 sec, 74849 bytes/sec, 422.56 docs/sec
total 14 reads, 0.000 sec, 1.6 kb/call avg, 0.0 msec/call avg
total 11 writes, 0.001 sec, 4.9 kb/call avg, 0.1 msec/call avg
rotating indices: succesfully sent SIGHUP to searchd (pid=8565).
Sphinx 2.0.5-release (r3308)
Copyright (c) 2001-2012, Andrew Aksyonoff
Copyright (c) 2008-2012, Sphinx Technologies Inc (http://sphinxsearch.com)

using config file '/srv/http/mcuhq/vanilla/plugins/SphinxSearch/install/sphinx/etc/sphinx.conf'...
indexing index 'vss_main'...
collected 174 docs, 0.0 MB
collected 8 attr values
sorted 0.0 Mvalues, 100.0% done
sorted 0.0 Mhits, 100.0% done
total 174 docs, 30821 bytes
total 0.461 sec, 66820 bytes/sec, 377.23 docs/sec
total 14 reads, 0.000 sec, 1.6 kb/call avg, 0.0 msec/call avg
total 11 writes, 0.001 sec, 4.9 kb/call avg, 0.1 msec/call avg
rotating indices: succesfully sent SIGHUP to searchd (pid=8565).
Sphinx 2.0.5-release (r3308)
Copyright (c) 2001-2012, Andrew Aksyonoff
Copyright (c) 2008-2012, Sphinx Technologies Inc (http://sphinxsearch.com)

using config file '/srv/http/mcuhq/vanilla/plugins/SphinxSearch/install/sphinx/etc/sphinx.conf'...
indexing index 'vss_main'...
collected 174 docs, 0.0 MB
collected 8 attr values
sorted 0.0 Mvalues, 100.0% done
sorted 0.0 Mhits, 100.0% done
total 174 docs, 30821 bytes
total 0.518 sec, 59425 bytes/sec, 335.48 docs/sec
total 14 reads, 0.000 sec, 1.6 kb/call avg, 0.0 msec/call avg
total 11 writes, 0.010 sec, 4.9 kb/call avg, 0.9 msec/call avg
rotating indices: succesfully sent SIGHUP to searchd (pid=8565).
Sphinx 2.0.5-release (r3308)
Copyright (c) 2001-2012, Andrew Aksyonoff
Copyright (c) 2008-2012, Sphinx Technologies Inc (http://sphinxsearch.com)

using config file '/srv/http/mcuhq/vanilla/plugins/SphinxSearch/install/sphinx/etc/sphinx.conf'...
indexing index 'vss_main'...
collected 174 docs, 0.0 MB
collected 8 attr values
sorted 0.0 Mvalues, 100.0% done
sorted 0.0 Mhits, 100.0% done
total 174 docs, 30821 bytes
total 0.288 sec, 106914 bytes/sec, 603.58 docs/sec
total 14 reads, 0.000 sec, 1.6 kb/call avg, 0.0 msec/call avg
total 11 writes, 0.001 sec, 4.9 kb/call avg, 0.1 msec/call avg
rotating indices: succesfully sent SIGHUP to searchd (pid=8565).
Sphinx 2.0.5-release (r3308)
Copyright (c) 2001-2012, Andrew Aksyonoff
Copyright (c) 2008-2012, Sphinx Technologies Inc (http://sphinxsearch.com)

using config file '/srv/http/mcuhq/vanilla/plugins/SphinxSearch/install/sphinx/etc/sphinx.conf'...
indexing index 'vss_main'...
collected 174 docs, 0.0 MB
collected 8 attr values
sorted 0.0 Mvalues, 100.0% done
sorted 0.0 Mhits, 100.0% done
total 174 docs, 30821 bytes
total 0.417 sec, 73748 bytes/sec, 416.34 docs/sec
total 14 reads, 0.000 sec, 1.6 kb/call avg, 0.0 msec/call avg
total 11 writes, 0.005 sec, 4.9 kb/call avg, 0.5 msec/call avg
rotating indices: succesfully sent SIGHUP to searchd (pid=8565).
Sphinx 2.0.5-release (r3308)
Copyright (c) 2001-2012, Andrew Aksyonoff
Copyright (c) 2008-2012, Sphinx Technologies Inc (http://sphinxsearch.com)

using config file '/srv/http/mcuhq/vanilla/plugins/SphinxSearch/install/sphinx/etc/sphinx.conf'...
indexing index 'vss_main'...
collected 174 docs, 0.0 MB
collected 8 attr values
sorted 0.0 Mvalues, 100.0% done
sorted 0.0 Mhits, 100.0% done
total 174 docs, 30821 bytes
total 0.420 sec, 73249 bytes/sec, 413.53 docs/sec
total 14 reads, 0.000 sec, 1.6 kb/call avg, 0.0 msec/call avg
total 11 writes, 0.008 sec, 4.9 kb/call avg, 0.7 msec/call avg
rotating indices: succesfully sent SIGHUP to searchd (pid=8565).
Sphinx 2.0.5-release (r3308)
Copyright (c) 2001-2012, Andrew Aksyonoff
Copyright (c) 2008-2012, Sphinx Technologies Inc (http://sphinxsearch.com)

using config file '/srv/http/mcuhq/vanilla/plugins/SphinxSearch/install/sphinx/etc/sphinx.conf'...
indexing index 'vss_main'...
collected 174 docs, 0.0 MB
collected 8 attr values
sorted 0.0 Mvalues, 100.0% done
sorted 0.0 Mhits, 100.0% done
total 174 docs, 30821 bytes
total 0.413 sec, 74499 bytes/sec, 420.58 docs/sec
total 14 reads, 0.000 sec, 1.6 kb/call avg, 0.0 msec/call avg
total 11 writes, 0.001 sec, 4.9 kb/call avg, 0.1 msec/call avg
rotating indices: succesfully sent SIGHUP to searchd (pid=8565).
Sphinx 2.0.5-release (r3308)
Copyright (c) 2001-2012, Andrew Aksyonoff
Copyright (c) 2008-2012, Sphinx Technologies Inc (http://sphinxsearch.com)

using config file '/srv/http/mcuhq/vanilla/plugins/SphinxSearch/install/sphinx/etc/sphinx.conf'...
indexing index 'vss_main'...
collected 174 docs, 0.0 MB
collected 8 attr values
sorted 0.0 Mvalues, 100.0% done
sorted 0.0 Mhits, 100.0% done
total 174 docs, 30821 bytes
total 0.387 sec, 79486 bytes/sec, 448.73 docs/sec
total 14 reads, 0.000 sec, 1.6 kb/call avg, 0.0 msec/call avg
total 11 writes, 0.002 sec, 4.9 kb/call avg, 0.1 msec/call avg
rotating indices: succesfully sent SIGHUP to searchd (pid=8565).
Sphinx 2.0.5-release (r3308)
Copyright (c) 2001-2012, Andrew Aksyonoff
Copyright (c) 2008-2012, Sphinx Technologies Inc (http://sphinxsearch.com)

using config file '/srv/http/mcuhq/vanilla/plugins/SphinxSearch/install/sphinx/etc/sphinx.conf'...
indexing index 'vss_main'...
collected 174 docs, 0.0 MB
collected 8 attr values
sorted 0.0 Mvalues, 100.0% done
sorted 0.0 Mhits, 100.0% done
total 174 docs, 30821 bytes
total 0.463 sec, 66501 bytes/sec, 375.43 docs/sec
total 14 reads, 0.000 sec, 1.6 kb/call avg, 0.0 msec/call avg
total 11 writes, 0.005 sec, 4.9 kb/call avg, 0.4 msec/call avg
rotating indices: succesfully sent SIGHUP to searchd (pid=8565).
Sphinx 2.0.5-release (r3308)
Copyright (c) 2001-2012, Andrew Aksyonoff
Copyright (c) 2008-2012, Sphinx Technologies Inc (http://sphinxsearch.com)

using config file '/srv/http/mcuhq/vanilla/plugins/SphinxSearch/install/sphinx/etc/sphinx.conf'...
indexing index 'vss_main'...
collected 174 docs, 0.0 MB
collected 8 attr values
sorted 0.0 Mvalues, 100.0% done
sorted 0.0 Mhits, 100.0% done
total 174 docs, 30821 bytes
total 0.351 sec, 87753 bytes/sec, 495.41 docs/sec
total 14 reads, 0.000 sec, 1.6 kb/call avg, 0.0 msec/call avg
total 11 writes, 0.001 sec, 4.9 kb/call avg, 0.1 msec/call avg
rotating indices: succesfully sent SIGHUP to searchd (pid=8565).
Sphinx 2.0.5-release (r3308)
Copyright (c) 2001-2012, Andrew Aksyonoff
Copyright (c) 2008-2012, Sphinx Technologies Inc (http://sphinxsearch.com)

using config file '/srv/http/mcuhq/vanilla/plugins/SphinxSearch/install/sphinx/etc/sphinx.conf'...
indexing index 'vss_main'...
collected 174 docs, 0.0 MB
collected 8 attr values
sorted 0.0 Mvalues, 100.0% done
sorted 0.0 Mhits, 100.0% done
total 174 docs, 30821 bytes
total 0.382 sec, 80657 bytes/sec, 455.35 docs/sec
total 14 reads, 0.000 sec, 1.6 kb/call avg, 0.0 msec/call avg
total 11 writes, 0.001 sec, 4.9 kb/call avg, 0.1 msec/call avg
rotating indices: succesfully sent SIGHUP to searchd (pid=8565).
Sphinx 2.0.5-release (r3308)
Copyright (c) 2001-2012, Andrew Aksyonoff
Copyright (c) 2008-2012, Sphinx Technologies Inc (http://sphinxsearch.com)

using config file '/srv/http/mcuhq/vanilla/plugins/SphinxSearch/install/sphinx/etc/sphinx.conf'...
indexing index 'vss_main'...
collected 174 docs, 0.0 MB
collected 8 attr values
sorted 0.0 Mvalues, 100.0% done
sorted 0.0 Mhits, 100.0% done
total 174 docs, 30821 bytes
total 0.464 sec, 66398 bytes/sec, 374.85 docs/sec
total 14 reads, 0.000 sec, 1.6 kb/call avg, 0.0 msec/call avg
total 11 writes, 0.009 sec, 4.9 kb/call avg, 0.8 msec/call avg
rotating indices: succesfully sent SIGHUP to searchd (pid=8565).
Sphinx 2.0.5-release (r3308)
Copyright (c) 2001-2012, Andrew Aksyonoff
Copyright (c) 2008-2012, Sphinx Technologies Inc (http://sphinxsearch.com)

using config file '/srv/http/mcuhq/vanilla/plugins/SphinxSearch/install/sphinx/etc/sphinx.conf'...
indexing index 'vss_main'...
collected 174 docs, 0.0 MB
collected 8 attr values
sorted 0.0 Mvalues, 100.0% done
sorted 0.0 Mhits, 100.0% done
total 174 docs, 30821 bytes
total 0.510 sec, 60427 bytes/sec, 341.14 docs/sec
total 14 reads, 0.000 sec, 1.6 kb/call avg, 0.0 msec/call avg
total 11 writes, 0.002 sec, 4.9 kb/call avg, 0.1 msec/call avg
rotating indices: succesfully sent SIGHUP to searchd (pid=8565).
Sphinx 2.0.5-release (r3308)
Copyright (c) 2001-2012, Andrew Aksyonoff
Copyright (c) 2008-2012, Sphinx Technologies Inc (http://sphinxsearch.com)

using config file '/srv/http/mcuhq/vanilla/plugins/SphinxSearch/install/sphinx/etc/sphinx.conf'...
indexing index 'vss_main'...
collected 174 docs, 0.0 MB
collected 8 attr values
sorted 0.0 Mvalues, 100.0% done
sorted 0.0 Mhits, 100.0% done
total 174 docs, 30821 bytes
total 0.468 sec, 65805 bytes/sec, 371.50 docs/sec
total 14 reads, 0.000 sec, 1.6 kb/call avg, 0.0 msec/call avg
total 11 writes, 0.001 sec, 4.9 kb/call avg, 0.1 msec/call avg
rotating indices: succesfully sent SIGHUP to searchd (pid=8565).
Sphinx 2.0.5-release (r3308)
Copyright (c) 2001-2012, Andrew Aksyonoff
Copyright (c) 2008-2012, Sphinx Technologies Inc (http://sphinxsearch.com)

using config file '/srv/http/mcuhq/vanilla/plugins/SphinxSearch/install/sphinx/etc/sphinx.conf'...
indexing index 'vss_main'...
collected 174 docs, 0.0 MB
collected 8 attr values
sorted 0.0 Mvalues, 100.0% done
sorted 0.0 Mhits, 100.0% done
total 174 docs, 30821 bytes
total 0.307 sec, 100225 bytes/sec, 565.82 docs/sec
total 14 reads, 0.000 sec, 1.6 kb/call avg, 0.0 msec/call avg
total 11 writes, 0.002 sec, 4.9 kb/call avg, 0.2 msec/call avg
rotating indices: succesfully sent SIGHUP to searchd (pid=8565).
Sphinx 2.0.5-release (r3308)
Copyright (c) 2001-2012, Andrew Aksyonoff
Copyright (c) 2008-2012, Sphinx Technologies Inc (http://sphinxsearch.com)

using config file '/srv/http/mcuhq/vanilla/plugins/SphinxSearch/install/sphinx/etc/sphinx.conf'...
indexing index 'vss_main'...
collected 174 docs, 0.0 MB
collected 8 attr values
sorted 0.0 Mvalues, 100.0% done
sorted 0.0 Mhits, 100.0% done
total 174 docs, 30821 bytes
total 0.346 sec, 88965 bytes/sec, 502.25 docs/sec
total 14 reads, 0.000 sec, 1.6 kb/call avg, 0.0 msec/call avg
total 11 writes, 0.008 sec, 4.9 kb/call avg, 0.8 msec/call avg
rotating indices: succesfully sent SIGHUP to searchd (pid=8565).
Sphinx 2.0.5-release (r3308)
Copyright (c) 2001-2012, Andrew Aksyonoff
Copyright (c) 2008-2012, Sphinx Technologies Inc (http://sphinxsearch.com)

using config file '/srv/http/mcuhq/vanilla/plugins/SphinxSearch/install/sphinx/etc/sphinx.conf'...
indexing index 'vss_main'...
collected 174 docs, 0.0 MB
collected 8 attr values
sorted 0.0 Mvalues, 100.0% done
sorted 0.0 Mhits, 100.0% done
total 174 docs, 30821 bytes
total 0.427 sec, 72052 bytes/sec, 406.77 docs/sec
total 14 reads, 0.007 sec, 1.6 kb/call avg, 0.5 msec/call avg
total 11 writes, 0.002 sec, 4.9 kb/call avg, 0.1 msec/call avg
rotating indices: succesfully sent SIGHUP to searchd (pid=8565).
Sphinx 2.0.5-release (r3308)
Copyright (c) 2001-2012, Andrew Aksyonoff
Copyright (c) 2008-2012, Sphinx Technologies Inc (http://sphinxsearch.com)

using config file '/srv/http/mcuhq/vanilla/plugins/SphinxSearch/install/sphinx/etc/sphinx.conf'...
indexing index 'vss_main'...
collected 174 docs, 0.0 MB
collected 8 attr values
sorted 0.0 Mvalues, 100.0% done
sorted 0.0 Mhits, 100.0% done
total 174 docs, 30821 bytes
total 0.433 sec, 71104 bytes/sec, 401.42 docs/sec
total 14 reads, 0.000 sec, 1.6 kb/call avg, 0.0 msec/call avg
total 11 writes, 0.001 sec, 4.9 kb/call avg, 0.1 msec/call avg
rotating indices: succesfully sent SIGHUP to searchd (pid=8565).
